<?xml version="1.0" encoding="UTF-8"?>
<!-- Generated by org.testng.reporters.JUnitReportReporter -->
<testsuite hostname="DESKTOP-23IC7LE" failures="0" tests="6" name="api.test.DDTests" time="4.099" errors="0" timestamp="2023-05-15T12:10:26 BST" skipped="0">
  <testcase classname="api.test.DDTests" name="testPostUser" time="0.443"/>
  <system-out/>
  <testcase classname="api.test.DDTests" name="testPostUser" time="0.458"/>
  <system-out/>
  <testcase classname="api.test.DDTests" name="testPostUser" time="1.873"/>
  <system-out/>
  <testcase classname="api.test.DDTests" name="testDeleteUserByName" time="0.432"/>
  <system-out/>
  <testcase classname="api.test.DDTests" name="testDeleteUserByName" time="0.456"/>
  <system-out/>
  <testcase classname="api.test.DDTests" name="testDeleteUserByName" time="0.437"/>
  <system-out/>
</testsuite> <!-- api.test.DDTests -->
