<?xml version="1.0" encoding="UTF-8"?>
<!-- Generated by org.testng.reporters.JUnitReportReporter -->
<testsuite hostname="DESKTOP-23IC7LE" failures="0" tests="4" name="api.test.UserTests2" time="3.438" errors="0" timestamp="2023-05-18T10:31:25 BST" skipped="0">
  <testcase classname="api.test.UserTests2" name="testPostUser" time="1.676"/>
  <system-out/>
  <testcase classname="api.test.UserTests2" name="testGetUserByName" time="0.450"/>
  <system-out/>
  <testcase classname="api.test.UserTests2" name="testUpdateUserByName" time="0.876"/>
  <system-out/>
  <testcase classname="api.test.UserTests2" name="testDeleteUserByName" time="0.436"/>
  <system-out/>
</testsuite> <!-- api.test.UserTests2 -->
