<?xml version="1.0" encoding="UTF-8"?>
<!-- Generated by org.testng.reporters.JUnitReportReporter -->
<testsuite hostname="DESKTOP-23IC7LE" failures="0" tests="4" name="api.test.UserTests" time="4.789" errors="0" timestamp="2023-05-17T11:06:17 BST" skipped="0">
  <testcase classname="api.test.UserTests" name="testPostUser" time="3.029"/>
  <system-out/>
  <testcase classname="api.test.UserTests" name="testGetUserByName" time="0.449"/>
  <system-out/>
  <testcase classname="api.test.UserTests" name="testUpdateUserByName" time="0.873"/>
  <system-out/>
  <testcase classname="api.test.UserTests" name="testDeleteUserByName" time="0.438"/>
  <system-out/>
</testsuite> <!-- api.test.UserTests -->
